<?xml version="1.0" encoding="UTF-8"?>
<!-- Generated by org.testng.reporters.JUnitReportReporter -->
<testsuite skipped="0" hostname="WFHW42NLPC0436" name="com.thinkitive.ThinkitiveTest.test.TestAssignment2" tests="2" failures="0" timestamp="2020-10-30T12:54:50 IST" time="9.711" errors="0">
  <testcase name="getProductWithHighestPrice" time="6.460" classname="com.thinkitive.ThinkitiveTest.test.TestAssignment2"/>
  <system-out/>
  <testcase name="testWriteProductInfoInTextFile" time="3.251" classname="com.thinkitive.ThinkitiveTest.test.TestAssignment2"/>
  <system-out/>
</testsuite> <!-- com.thinkitive.ThinkitiveTest.test.TestAssignment2 -->
