<?xml version="1.0" encoding="UTF-8"?>
<!-- Generated by org.testng.reporters.JUnitReportReporter -->
<testsuite skipped="0" hostname="WFHW42NLPC0436" name="com.thinkitive.ThinkitiveTest.test.TestAssignment2" tests="2" failures="0" timestamp="2020-10-25T17:59:08 IST" time="8.761" errors="0">
  <testcase name="getProductWithHighestPrice" time="1.917" classname="com.thinkitive.ThinkitiveTest.test.TestAssignment2"/>
  <system-out/>
  <testcase name="test1" time="6.844" classname="com.thinkitive.ThinkitiveTest.test.TestAssignment2"/>
  <system-out/>
</testsuite> <!-- com.thinkitive.ThinkitiveTest.test.TestAssignment2 -->
